[0.027s] Invoking command in '/home/wuray/tello_ros_ws/build/tello_gazebo': AMENT_PREFIX_PATH=/home/wuray/tello_ros_ws/install/tello_msgs:${AMENT_PREFIX_PATH} CMAKE_PREFIX_PATH=/home/wuray/tello_ros_ws/install/tello_msgs:/home/wuray/tello_ros_ws/install/tello_description:/home/wuray/tello_ros_ws/install/ros2_shared:/opt/ros/dashing:/home/wuray/flock_catkin_ws/devel:/opt/ros/melodic LD_LIBRARY_PATH=/home/wuray/tello_ros_ws/install/tello_msgs/lib:${LD_LIBRARY_PATH} PYTHONPATH=/home/wuray/tello_ros_ws/install/tello_msgs/lib/python3.6/site-packages:${PYTHONPATH} /usr/local/bin/cmake /home/wuray/tello_ros_ws/src/tello_ros/tello_gazebo -DCMAKE_INSTALL_PREFIX=/home/wuray/tello_ros_ws/install/tello_gazebo
[0.122s] -- The C compiler identification is GNU 7.5.0
[0.206s] -- The CXX compiler identification is GNU 7.5.0
[0.219s] -- Detecting C compiler ABI info
[0.295s] -- Detecting C compiler ABI info - done
[0.310s] -- Check for working C compiler: /usr/bin/cc - skipped
[0.310s] -- Detecting C compile features
[0.311s] -- Detecting C compile features - done
[0.318s] -- Detecting CXX compiler ABI info
[0.393s] -- Detecting CXX compiler ABI info - done
[0.408s] -- Check for working CXX compiler: /usr/bin/c++ - skipped
[0.408s] -- Detecting CXX compile features
[0.409s] -- Detecting CXX compile features - done
[0.412s] -- Found ament_cmake: 0.7.5 (/opt/ros/dashing/share/ament_cmake/cmake)
[0.450s] -- Found PythonInterp: /usr/bin/python3 (found suitable version "3.6.9", minimum required is "3") 
[0.450s] -- Using PYTHON_EXECUTABLE: /usr/bin/python3
[1.014s] CMake Warning (dev) at /usr/local/share/cmake-3.18/Modules/FindPackageHandleStandardArgs.cmake:273 (message):
[1.015s]   The package name passed to `find_package_handle_standard_args` (PkgConfig)
[1.015s]   does not match the name of the calling package (gazebo).  This can lead to
[1.016s]   problems in calling code that expects `find_package` result variables
[1.016s]   (e.g., `_FOUND`) to follow a certain pattern.
[1.016s] Call Stack (most recent call first):
[1.017s]   /usr/local/share/cmake-3.18/Modules/FindPkgConfig.cmake:59 (find_package_handle_standard_args)
[1.017s]   /usr/lib/x86_64-linux-gnu/cmake/gazebo/gazebo-config.cmake:30 (include)
[1.017s]   CMakeLists.txt:27 (find_package)
[1.018s] This warning is for project developers.  Use -Wno-dev to suppress it.
[1.018s] 
[1.018s] -- Found PkgConfig: /usr/bin/pkg-config (found version "0.29.1") 
[1.027s] -- Checking for module 'bullet>=2.82'
[1.092s] --   Found bullet, version 2.87
[1.242s] -- Found Simbody: /usr/include/simbody  
[1.657s] -- Looking for pthread.h
[1.742s] -- Looking for pthread.h - found
[1.742s] -- Performing Test CMAKE_HAVE_LIBC_PTHREAD
[1.824s] -- Performing Test CMAKE_HAVE_LIBC_PTHREAD - Failed
[1.824s] -- Looking for pthread_create in pthreads
[1.880s] -- Looking for pthread_create in pthreads - not found
[1.880s] -- Looking for pthread_create in pthread
[1.959s] -- Looking for pthread_create in pthread - found
[1.960s] -- Found Threads: TRUE  
[2.165s] -- Found Boost: /usr/include (found suitable version "1.65.1", minimum required is "1.40.0") found components: thread signals system filesystem program_options regex iostreams date_time chrono atomic 
[2.648s] -- Found Protobuf: /usr/lib/x86_64-linux-gnu/libprotobuf.so;-lpthread (found version "3.0.0") 
[3.056s] -- Found Boost: /usr/include (found version "1.65.1")  
[3.068s] -- Looking for OGRE...
[3.068s] -- OGRE_PREFIX_WATCH changed.
[3.076s] -- Checking for module 'OGRE'
[3.104s] --   Found OGRE, version 1.9.0
[3.197s] -- Found Ogre Ghadamon (1.9.0)
[3.220s] -- Found OGRE: optimized;/usr/lib/x86_64-linux-gnu/libOgreMain.so;debug;/usr/lib/x86_64-linux-gnu/libOgreMain.so
[3.277s] -- Looking for OGRE_Paging...
[3.286s] -- Found OGRE_Paging: optimized;/usr/lib/x86_64-linux-gnu/libOgrePaging.so;debug;/usr/lib/x86_64-linux-gnu/libOgrePaging.so
[3.286s] -- Looking for OGRE_Terrain...
[3.292s] -- Found OGRE_Terrain: optimized;/usr/lib/x86_64-linux-gnu/libOgreTerrain.so;debug;/usr/lib/x86_64-linux-gnu/libOgreTerrain.so
[3.292s] -- Looking for OGRE_Property...
[3.298s] -- Found OGRE_Property: optimized;/usr/lib/x86_64-linux-gnu/libOgreProperty.so;debug;/usr/lib/x86_64-linux-gnu/libOgreProperty.so
[3.298s] -- Looking for OGRE_RTShaderSystem...
[3.304s] -- Found OGRE_RTShaderSystem: optimized;/usr/lib/x86_64-linux-gnu/libOgreRTShaderSystem.so;debug;/usr/lib/x86_64-linux-gnu/libOgreRTShaderSystem.so
[3.304s] -- Looking for OGRE_Volume...
[3.329s] -- Found OGRE_Volume: optimized;/usr/lib/x86_64-linux-gnu/libOgreVolume.so;debug;/usr/lib/x86_64-linux-gnu/libOgreVolume.so
[3.329s] -- Looking for OGRE_Overlay...
[3.336s] -- Found OGRE_Overlay: optimized;/usr/lib/x86_64-linux-gnu/libOgreOverlay.so;debug;/usr/lib/x86_64-linux-gnu/libOgreOverlay.so
[3.643s] -- Found Protobuf: /usr/lib/x86_64-linux-gnu/libprotobuf.so;-lpthread (found suitable version "3.0.0", minimum required is "2.3.0") 
[3.683s] -- Config-file not installed for ZeroMQ -- checking for pkg-config
[3.693s] -- Checking for module 'libzmq >= 4'
[3.721s] --   Found libzmq , version 4.2.5
[3.782s] -- Found ZeroMQ: TRUE (Required is at least version "4") 
[3.804s] -- Checking for module 'uuid'
[3.833s] --   Found uuid, version 2.31.1
[3.886s] -- Found UUID: TRUE  
[3.980s] -- Checking for module 'tinyxml2'
[4.002s] --   Found tinyxml2, version 6.0.0
[4.055s] -- Looking for dlfcn.h - found
[4.056s] -- Looking for libdl - found
[4.058s] -- Found DL: TRUE  
[4.059s] -- FreeImage.pc not found, we will search for FreeImage_INCLUDE_DIRS and FreeImage_LIBRARIES
[4.222s] -- Found UUID: TRUE  
[4.228s] -- Checking for module 'gts'
[4.324s] --   Found gts, version 0.7.6
[4.387s] -- Found GTS: TRUE  
[4.393s] -- Checking for module 'libswscale'
[4.466s] --   Found libswscale, version 4.8.100
[4.522s] -- Found SWSCALE: TRUE  
[4.528s] -- Checking for module 'libavdevice >= 56.4.100'
[4.628s] --   Found libavdevice , version 57.10.100
[4.695s] -- Found AVDEVICE: TRUE (Required is at least version "56.4.100") 
[4.702s] -- Checking for module 'libavformat'
[4.726s] --   Found libavformat, version 57.83.100
[4.786s] -- Found AVFORMAT: TRUE  
[4.792s] -- Checking for module 'libavcodec'
[4.813s] --   Found libavcodec, version 57.107.100
[4.871s] -- Found AVCODEC: TRUE  
[4.878s] -- Checking for module 'libavutil'
[4.899s] --   Found libavutil, version 55.78.100
[4.953s] -- Found AVUTIL: TRUE  
[5.093s] -- Found CURL: /usr/lib/x86_64-linux-gnu/libcurl.so (found version "7.58.0")  
[5.144s] -- Checking for module 'jsoncpp'
[5.172s] --   Found jsoncpp, version 1.7.4
[5.226s] -- Found JSONCPP: TRUE  
[5.234s] -- Checking for module 'yaml-0.1'
[5.301s] --   Found yaml-0.1, version 0.1.7
[5.354s] -- Found YAML: TRUE  
[5.361s] -- Checking for module 'libzip'
[5.412s] --   Found libzip, version 1.1.2
[5.469s] -- Found ZIP: TRUE  
[5.551s] -- Gazebo version: 9.0
[5.841s] -- Found rosgraph_msgs: 0.7.4 (/opt/ros/dashing/share/rosgraph_msgs/cmake)
[5.859s] -- Found rosidl_adapter: 0.7.9 (/opt/ros/dashing/share/rosidl_adapter/cmake)
[5.915s] -- Found std_msgs: 0.7.0 (/opt/ros/dashing/share/std_msgs/cmake)
[5.937s] -- Found geometry_msgs: 0.7.0 (/opt/ros/dashing/share/geometry_msgs/cmake)
[5.951s] -- Found std_srvs: 0.7.0 (/opt/ros/dashing/share/std_srvs/cmake)
[6.110s] -- Found message_filters: 3.1.3 (/opt/ros/dashing/share/message_filters/cmake)
[6.132s] -- Found sensor_msgs: 0.7.0 (/opt/ros/dashing/share/sensor_msgs/cmake)
[6.165s] -- Found tf2_ros: 0.11.6 (/opt/ros/dashing/share/tf2_ros/cmake)
[6.187s] -- Found rmw_implementation_cmake: 0.7.2 (/opt/ros/dashing/share/rmw_implementation_cmake/cmake)
[6.188s] -- Using RMW implementation 'rmw_fastrtps_cpp' as default
[6.457s] -- Found trajectory_msgs: 0.7.0 (/opt/ros/dashing/share/trajectory_msgs/cmake)
[6.519s] -- Found tello_msgs: 0.1.0 (/home/wuray/tello_ros_ws/install/tello_msgs/share/tello_msgs/cmake)
[6.718s] -- Configuring done
[7.550s] CMake Warning at CMakeLists.txt:49 (add_library):
[7.550s]   Cannot generate a safe runtime search path for target TelloPlugin because
[7.550s]   files in some directories may conflict with libraries in implicit
[7.551s]   directories:
[7.551s] 
[7.551s]     runtime library [libconsole_bridge.so.0.4] in /usr/lib/x86_64-linux-gnu may be hidden by files in:
[7.552s]       /opt/ros/dashing/lib
[7.552s] 
[7.552s]   Some of these libraries may not be found correctly.
[7.552s] 
[7.553s] 
[7.567s] -- Generating done
[7.573s] -- Build files have been written to: /home/wuray/tello_ros_ws/build/tello_gazebo
[7.585s] Invoked command in '/home/wuray/tello_ros_ws/build/tello_gazebo' returned '0': AMENT_PREFIX_PATH=/home/wuray/tello_ros_ws/install/tello_msgs:${AMENT_PREFIX_PATH} CMAKE_PREFIX_PATH=/home/wuray/tello_ros_ws/install/tello_msgs:/home/wuray/tello_ros_ws/install/tello_description:/home/wuray/tello_ros_ws/install/ros2_shared:/opt/ros/dashing:/home/wuray/flock_catkin_ws/devel:/opt/ros/melodic LD_LIBRARY_PATH=/home/wuray/tello_ros_ws/install/tello_msgs/lib:${LD_LIBRARY_PATH} PYTHONPATH=/home/wuray/tello_ros_ws/install/tello_msgs/lib/python3.6/site-packages:${PYTHONPATH} /usr/local/bin/cmake /home/wuray/tello_ros_ws/src/tello_ros/tello_gazebo -DCMAKE_INSTALL_PREFIX=/home/wuray/tello_ros_ws/install/tello_gazebo
[7.588s] Invoking command in '/home/wuray/tello_ros_ws/build/tello_gazebo': AMENT_PREFIX_PATH=/home/wuray/tello_ros_ws/install/tello_msgs:${AMENT_PREFIX_PATH} CMAKE_PREFIX_PATH=/home/wuray/tello_ros_ws/install/tello_msgs:/home/wuray/tello_ros_ws/install/tello_description:/home/wuray/tello_ros_ws/install/ros2_shared:/opt/ros/dashing:/home/wuray/flock_catkin_ws/devel:/opt/ros/melodic LD_LIBRARY_PATH=/home/wuray/tello_ros_ws/install/tello_msgs/lib:${LD_LIBRARY_PATH} PYTHONPATH=/home/wuray/tello_ros_ws/install/tello_msgs/lib/python3.6/site-packages:${PYTHONPATH} /usr/local/bin/cmake --build /home/wuray/tello_ros_ws/build/tello_gazebo -- -j4 -l4
[7.615s] [35m[1mScanning dependencies of target TelloPlugin[0m
[8.143s] [ 50%] [32mBuilding CXX object CMakeFiles/TelloPlugin.dir/src/tello_plugin.cpp.o[0m
[12.892s] [01m[K/home/wuray/tello_ros_ws/src/tello_ros/tello_gazebo/src/tello_plugin.cpp:6:10:[m[K [01;31m[Kfatal error: [m[Kgazebo_ros/node.hpp: No such file or directory
[12.893s]  #include [01;31m[K"gazebo_ros/node.hpp"[m[K
[12.893s]           [01;31m[K^~~~~~~~~~~~~~~~~~~~~[m[K
[12.893s] compilation terminated.
[12.902s] CMakeFiles/TelloPlugin.dir/build.make:81: recipe for target 'CMakeFiles/TelloPlugin.dir/src/tello_plugin.cpp.o' failed
[12.903s] make[2]: *** [CMakeFiles/TelloPlugin.dir/src/tello_plugin.cpp.o] Error 1
[12.903s] CMakeFiles/Makefile2:117: recipe for target 'CMakeFiles/TelloPlugin.dir/all' failed
[12.903s] make[1]: *** [CMakeFiles/TelloPlugin.dir/all] Error 2
[12.903s] Makefile:159: recipe for target 'all' failed
[12.903s] make: *** [all] Error 2
[12.905s] Invoked command in '/home/wuray/tello_ros_ws/build/tello_gazebo' returned '2': AMENT_PREFIX_PATH=/home/wuray/tello_ros_ws/install/tello_msgs:${AMENT_PREFIX_PATH} CMAKE_PREFIX_PATH=/home/wuray/tello_ros_ws/install/tello_msgs:/home/wuray/tello_ros_ws/install/tello_description:/home/wuray/tello_ros_ws/install/ros2_shared:/opt/ros/dashing:/home/wuray/flock_catkin_ws/devel:/opt/ros/melodic LD_LIBRARY_PATH=/home/wuray/tello_ros_ws/install/tello_msgs/lib:${LD_LIBRARY_PATH} PYTHONPATH=/home/wuray/tello_ros_ws/install/tello_msgs/lib/python3.6/site-packages:${PYTHONPATH} /usr/local/bin/cmake --build /home/wuray/tello_ros_ws/build/tello_gazebo -- -j4 -l4
